[2019-03-10 21:30:41,475] {/home/alpha/Documents/Pajar/ProjectEcommerce/ecommerce/blueprint/__init__.py:42} WARNING - REQUEST LOG	{"request": null, "response": {"transaction_id": 4, "buyer_id": 6, "total_price": 1200000}}
[2019-03-10 21:31:16,387] {/home/alpha/Documents/Pajar/ProjectEcommerce/ecommerce/blueprint/__init__.py:38} WARNING - REQUEST LOG	{"request": {}, "response": {"token": "eyJ0eXAiOiJKV1QiLCJhbGciOiJIUzI1NiJ9.eyJpYXQiOjE1NTIyMjgyNzYsIm5iZiI6MTU1MjIyODI3NiwianRpIjoiMzYyNmI3YWMtNTQzNy00ZDBlLWE0M2UtYWYzZWJiNTMyOGQzIiwiZXhwIjoxNTUyMzE0Njc2LCJpZGVudGl0eSI6eyJidXllcl9pZCI6MiwidXNlcm5hbWUiOiJwYWphcjIiLCJzdGF0dXMiOiJidXllciJ9LCJmcmVzaCI6ZmFsc2UsInR5cGUiOiJhY2Nlc3MiLCJ1c2VyX2NsYWltcyI6eyJidXllcl9pZCI6MiwidXNlcm5hbWUiOiJwYWphcjIiLCJzdGF0dXMiOiJidXllciJ9fQ.IKcdjTAAfNPqwT9TmWPv_gThrJyIgcxKTc6cvSKFGKU"}}
[2019-03-10 21:31:41,070] {/home/alpha/Documents/Pajar/ProjectEcommerce/ecommerce/blueprint/__init__.py:42} WARNING - REQUEST LOG	{"request": {"item_id": 5, "item_sum": 2}, "response": {"msg": "Invalid header string: 'utf-8' codec can't decode byte 0x8e in position 5: invalid start byte"}}
[2019-03-10 21:31:59,231] {/home/alpha/Documents/Pajar/ProjectEcommerce/ecommerce/blueprint/__init__.py:42} WARNING - REQUEST LOG	{"request": {"item_id": 5, "item_sum": 2}, "response": {"msg": "Invalid header string: 'utf-8' codec can't decode byte 0x8e in position 5: invalid start byte"}}
[2019-03-10 21:32:22,732] {/home/alpha/Documents/Pajar/ProjectEcommerce/ecommerce/blueprint/__init__.py:42} WARNING - REQUEST LOG	{"request": {"item_id": 5, "item_sum": 2}, "response": "Not Enough Stock"}
[2019-03-10 21:32:30,160] {/home/alpha/Documents/Pajar/ProjectEcommerce/ecommerce/blueprint/__init__.py:42} WARNING - REQUEST LOG	{"request": {"item_id": 4, "item_sum": 2}, "response": {"cart_id": 9, "buyer_id": 2, "item_id": 4, "item_sum": 2, "total_price": 600000, "transaction_id": 0}}
[2019-03-10 21:32:36,532] {/home/alpha/Documents/Pajar/ProjectEcommerce/ecommerce/blueprint/__init__.py:42} WARNING - REQUEST LOG	{"request": {"item_id": 2, "item_sum": 2}, "response": {"cart_id": 10, "buyer_id": 2, "item_id": 2, "item_sum": 2, "total_price": 600000, "transaction_id": 0}}
[2019-03-10 21:32:44,689] {/home/alpha/Documents/Pajar/ProjectEcommerce/ecommerce/blueprint/__init__.py:42} WARNING - REQUEST LOG	{"request": null, "response": {"transaction_id": 5, "buyer_id": 2, "total_price": 1200000}}
[2019-03-10 21:33:08,762] {/home/alpha/Documents/Pajar/ProjectEcommerce/ecommerce/blueprint/__init__.py:38} WARNING - REQUEST LOG	{"request": {}, "response": {"transaction_id": 2, "buyer_id": 6, "total_price": 1200000}}
[2019-03-10 21:33:11,398] {/home/alpha/Documents/Pajar/ProjectEcommerce/ecommerce/blueprint/__init__.py:38} WARNING - REQUEST LOG	{"request": {}, "response": "Unauthorized Buyer"}
[2019-03-10 21:33:20,728] {/home/alpha/Documents/Pajar/ProjectEcommerce/ecommerce/blueprint/__init__.py:38} WARNING - REQUEST LOG	{"request": {}, "response": {"transaction_id": 5, "buyer_id": 2, "total_price": 1200000}}
[2019-03-10 21:33:23,836] {/home/alpha/Documents/Pajar/ProjectEcommerce/ecommerce/blueprint/__init__.py:38} WARNING - REQUEST LOG	{"request": {}, "response": "Unauthorized Buyer"}
[2019-03-10 21:33:27,667] {/home/alpha/Documents/Pajar/ProjectEcommerce/ecommerce/blueprint/__init__.py:38} WARNING - REQUEST LOG	{"request": {}, "response": "Unauthorized Buyer"}
[2019-03-10 21:43:37,905] {/home/alpha/Documents/Pajar/ProjectEcommerce/ecommerce/blueprint/__init__.py:38} WARNING - REQUEST LOG	{"request": {}, "response": {"token": "eyJ0eXAiOiJKV1QiLCJhbGciOiJIUzI1NiJ9.eyJpYXQiOjE1NTIyMjkwMTcsIm5iZiI6MTU1MjIyOTAxNywianRpIjoiM2Y1NmYzNDYtYjEzYy00NTQ3LWI4NjktYzkyZDYzZDNlYzJjIiwiZXhwIjoxNTUyMzE1NDE3LCJpZGVudGl0eSI6eyJidXllcl9pZCI6MiwidXNlcm5hbWUiOiJwYWphcjIiLCJzdGF0dXMiOiJidXllciJ9LCJmcmVzaCI6ZmFsc2UsInR5cGUiOiJhY2Nlc3MiLCJ1c2VyX2NsYWltcyI6eyJidXllcl9pZCI6MiwidXNlcm5hbWUiOiJwYWphcjIiLCJzdGF0dXMiOiJidXllciJ9fQ.x5G2_TLLnQ1pDyPlGQrKxt2fIM5ILNxgFVcS8QTNFt0"}}
[2019-03-10 21:44:01,930] {/home/alpha/Documents/Pajar/ProjectEcommerce/ecommerce/blueprint/__init__.py:42} WARNING - REQUEST LOG	{"request": {"item_id": 2, "item_sum": 2}, "response": "Not Enough Stock"}
[2019-03-10 21:44:08,028] {/home/alpha/Documents/Pajar/ProjectEcommerce/ecommerce/blueprint/__init__.py:42} WARNING - REQUEST LOG	{"request": {"item_id": 1, "item_sum": 2}, "response": {"cart_id": 11, "buyer_id": 2, "item_id": 1, "item_sum": 2, "total_price": 600000, "transaction_id": 0}}
[2019-03-10 21:44:16,111] {/home/alpha/Documents/Pajar/ProjectEcommerce/ecommerce/blueprint/__init__.py:42} WARNING - REQUEST LOG	{"request": {"item_id": 5, "item_sum": 1}, "response": "Not Enough Stock"}
[2019-03-10 21:44:20,558] {/home/alpha/Documents/Pajar/ProjectEcommerce/ecommerce/blueprint/__init__.py:42} WARNING - REQUEST LOG	{"request": {"item_id": 4, "item_sum": 1}, "response": "Not Enough Stock"}
[2019-03-10 21:44:23,933] {/home/alpha/Documents/Pajar/ProjectEcommerce/ecommerce/blueprint/__init__.py:42} WARNING - REQUEST LOG	{"request": {"item_id": 2, "item_sum": 1}, "response": {"cart_id": 12, "buyer_id": 2, "item_id": 2, "item_sum": 1, "total_price": 300000, "transaction_id": 0}}
[2019-03-10 21:45:09,846] {/home/alpha/Documents/Pajar/ProjectEcommerce/ecommerce/blueprint/__init__.py:38} WARNING - REQUEST LOG	{"request": {}, "response": [{"list_item": []}, {"total_payment": 0}]}
[2019-03-10 21:48:10,105] {/home/alpha/Documents/Pajar/ProjectEcommerce/ecommerce/blueprint/__init__.py:38} WARNING - REQUEST LOG	{"request": {}, "response": [{"list_item": []}, {"total_payment": 0}]}
[2019-03-10 21:49:21,974] {/home/alpha/Documents/Pajar/ProjectEcommerce/ecommerce/blueprint/__init__.py:38} WARNING - REQUEST LOG	{"request": {}, "response": [{"list_item": []}, {"total_payment": 0}]}
[2019-03-10 21:50:24,858] {/home/alpha/Documents/Pajar/ProjectEcommerce/ecommerce/blueprint/__init__.py:38} WARNING - REQUEST LOG	{"request": {}, "response": [{"list_item": []}, {"total_payment": 0}]}
[2019-03-10 21:51:22,138] {/home/alpha/Documents/Pajar/ProjectEcommerce/ecommerce/blueprint/__init__.py:38} WARNING - REQUEST LOG	{"request": {}, "response": {"msg": "Token has expired"}}
[2019-03-10 21:52:25,954] {/home/alpha/Documents/Pajar/ProjectEcommerce/ecommerce/blueprint/__init__.py:38} WARNING - REQUEST LOG	{"request": {}, "response": {"token": "eyJ0eXAiOiJKV1QiLCJhbGciOiJIUzI1NiJ9.eyJpYXQiOjE1NTIyMjk1NDUsIm5iZiI6MTU1MjIyOTU0NSwianRpIjoiMDNiMGI5NzAtODRlYS00ZWVmLTk3MzUtNjg0Y2VjNjkzZDI5IiwiZXhwIjoxNTUyMzE1OTQ1LCJpZGVudGl0eSI6eyJidXllcl9pZCI6MiwidXNlcm5hbWUiOiJwYWphcjIiLCJzdGF0dXMiOiJidXllciJ9LCJmcmVzaCI6ZmFsc2UsInR5cGUiOiJhY2Nlc3MiLCJ1c2VyX2NsYWltcyI6eyJidXllcl9pZCI6MiwidXNlcm5hbWUiOiJwYWphcjIiLCJzdGF0dXMiOiJidXllciJ9fQ.gai3p9eJjjxu4ENdPIM4OcK3_w6eCEbQI8TGAeHy8rY"}}
[2019-03-10 21:52:34,704] {/home/alpha/Documents/Pajar/ProjectEcommerce/ecommerce/blueprint/__init__.py:38} WARNING - REQUEST LOG	{"request": {}, "response": [{"list_item": [{"nike1": 2}, {"nike2": 1}]}, {"total_payment": 0}, {"list_item": [{"nike1": 2}, {"nike2": 1}]}, {"total_payment": 0}, {"list_item": [{"nike1": 2}, {"nike2": 1}]}, {"total_payment": 0}, {"list_item": [{"nike1": 2}, {"nike2": 1}]}, {"total_payment": 0}, {"list_item": [{"nike1": 2}, {"nike2": 1}]}, {"total_payment": 600000}, {"list_item": [{"nike1": 2}, {"nike2": 1}]}, {"total_payment": 900000}]}
[2019-03-10 21:53:34,887] {/home/alpha/Documents/Pajar/ProjectEcommerce/ecommerce/blueprint/__init__.py:38} WARNING - REQUEST LOG	{"request": {}, "response": [{"list_item": [{"nike1": 2}, {"nike2": 1}]}, {"total_payment": 900000}]}
[2019-03-10 21:54:51,593] {/home/alpha/Documents/Pajar/ProjectEcommerce/ecommerce/blueprint/__init__.py:38} WARNING - REQUEST LOG	{"request": {}, "response": {"token": "eyJ0eXAiOiJKV1QiLCJhbGciOiJIUzI1NiJ9.eyJpYXQiOjE1NTIyMjk2OTEsIm5iZiI6MTU1MjIyOTY5MSwianRpIjoiMTY5YzY2NzUtZGI5MS00MjM4LTkyNmMtZTlkNjRmMzkwMTIzIiwiZXhwIjoxNTUyMzE2MDkxLCJpZGVudGl0eSI6eyJidXllcl9pZCI6MiwidXNlcm5hbWUiOiJwYWphcjIiLCJzdGF0dXMiOiJidXllciJ9LCJmcmVzaCI6ZmFsc2UsInR5cGUiOiJhY2Nlc3MiLCJ1c2VyX2NsYWltcyI6eyJidXllcl9pZCI6MiwidXNlcm5hbWUiOiJwYWphcjIiLCJzdGF0dXMiOiJidXllciJ9fQ.N8x1g78DeV82WbGRvAmoFaxGH6_a2HknyNJ2UdzsW4c"}}
[2019-03-10 21:55:34,381] {/home/alpha/Documents/Pajar/ProjectEcommerce/ecommerce/blueprint/__init__.py:42} WARNING - REQUEST LOG	{"request": null, "response": "Already Paid"}
[2019-03-10 21:55:51,308] {/home/alpha/Documents/Pajar/ProjectEcommerce/ecommerce/blueprint/__init__.py:42} WARNING - REQUEST LOG	{"request": null, "response": "Deleted"}
[2019-03-10 21:56:29,094] {/home/alpha/Documents/Pajar/ProjectEcommerce/ecommerce/blueprint/__init__.py:42} WARNING - REQUEST LOG	{"request": {"item_sum": 1}, "response": {"status": "NOT FOUND", "message": "Unautorized User"}}
[2019-03-10 21:56:34,676] {/home/alpha/Documents/Pajar/ProjectEcommerce/ecommerce/blueprint/__init__.py:42} WARNING - REQUEST LOG	{"request": {"item_sum": 1}, "response": {"status": "NOT FOUND", "message": "Unautorized User"}}
[2019-03-10 21:57:14,433] {/home/alpha/Documents/Pajar/ProjectEcommerce/ecommerce/blueprint/__init__.py:42} WARNING - REQUEST LOG	{"request": {"item_sum": 1}, "response": "Already Paid"}
[2019-03-10 21:57:27,453] {/home/alpha/Documents/Pajar/ProjectEcommerce/ecommerce/blueprint/__init__.py:42} WARNING - REQUEST LOG	{"request": {"item_sum": 2}, "response": "Not Enough Stock"}
[2019-03-10 21:57:32,956] {/home/alpha/Documents/Pajar/ProjectEcommerce/ecommerce/blueprint/__init__.py:42} WARNING - REQUEST LOG	{"request": {"item_sum": 1}, "response": {"cart_id": 12, "buyer_id": 2, "item_id": 2, "item_sum": 1, "total_price": 300000, "transaction_id": 0}}
